This is pdfTeX, Version 3.14159265-2.6-1.40.20 (TeX Live 2019/Debian) (preloaded format=pdflatex 2020.5.11)  7 JUL 2020 08:51
entering extended mode
 restricted \write18 enabled.
 %&-line parsing enabled.
**fcc_timing.tex
(./fcc_timing.tex
LaTeX2e <2020-02-02> patch level 2
L3 programming layer <2020-02-14> (./elsarticle.cls
Document Class: elsarticle 2009/09/17, 1.2.0: Elsevier Ltd
\@bls=\dimen134
(/usr/share/texlive/texmf-dist/tex/latex/base/article.cls
Document Class: article 2019/12/20 v1.4l Standard LaTeX document class
(/usr/share/texlive/texmf-dist/tex/latex/base/size11.clo
File: size11.clo 2019/12/20 v1.4l Standard LaTeX file (size option)
)
\c@part=\count167
\c@section=\count168
\c@subsection=\count169
\c@subsubsection=\count170
\c@paragraph=\count171
\c@subparagraph=\count172
\c@figure=\count173
\c@table=\count174
\abovecaptionskip=\skip47
\belowcaptionskip=\skip48
\bibindent=\dimen135
)
(/usr/share/texlive/texmf-dist/tex/latex/graphics/graphicx.sty
Package: graphicx 2019/11/30 v1.2a Enhanced LaTeX Graphics (DPC,SPQR)

(/usr/share/texlive/texmf-dist/tex/latex/graphics/keyval.sty
Package: keyval 2014/10/28 v1.15 key=value parser (DPC)
\KV@toks@=\toks14
)
(/usr/share/texlive/texmf-dist/tex/latex/graphics/graphics.sty
Package: graphics 2019/11/30 v1.4a Standard LaTeX Graphics (DPC,SPQR)

(/usr/share/texlive/texmf-dist/tex/latex/graphics/trig.sty
Package: trig 2016/01/03 v1.10 sin cos tan (DPC)
)
(/usr/share/texlive/texmf-dist/tex/latex/graphics-cfg/graphics.cfg
File: graphics.cfg 2016/06/04 v1.11 sample graphics configuration
)
Package graphics Info: Driver file: pdftex.def on input line 105.

(/usr/share/texlive/texmf-dist/tex/latex/graphics-def/pdftex.def
File: pdftex.def 2018/01/08 v1.0l Graphics/color driver for pdftex
))
\Gin@req@height=\dimen136
\Gin@req@width=\dimen137
)
(/usr/share/texlive/texmf-dist/tex/latex/psnfss/pifont.sty
Package: pifont 2005/04/12 PSNFSS-v9.2a Pi font support (SPQR) 
LaTeX Font Info:    Trying to load font information for U+pzd on input line 63.


(/usr/share/texlive/texmf-dist/tex/latex/psnfss/upzd.fd
File: upzd.fd 2001/06/04 font definitions for U/pzd.
)
LaTeX Font Info:    Trying to load font information for U+psy on input line 64.


(/usr/share/texlive/texmf-dist/tex/latex/psnfss/upsy.fd
File: upsy.fd 2001/06/04 font definitions for U/psy.
))
\c@tnote=\count175
\c@fnote=\count176
\c@cnote=\count177
\c@ead=\count178
\c@author=\count179
\@eadauthor=\toks15
\c@affn=\count180
\absbox=\box45
\keybox=\box46
\Columnwidth=\dimen138
\space@left=\dimen139
\els@boxa=\box47
\els@boxb=\box48
\leftMargin=\dimen140
\@enLab=\toks16
\@sep=\skip49
\@@sep=\skip50
 (./fcc_timing.spl)
(/usr/share/texlive/texmf-dist/tex/latex/natbib/natbib.sty
Package: natbib 2010/09/13 8.31b (PWD, AO)
\bibhang=\skip51
\bibsep=\skip52
LaTeX Info: Redefining \cite on input line 694.
\c@NAT@ctr=\count181
)
\splwrite=\write3
\openout3 = `fcc_timing.spl'.


(/usr/share/texlive/texmf-dist/tex/latex/geometry/geometry.sty
Package: geometry 2020/01/02 v5.9 Page Geometry

(/usr/share/texlive/texmf-dist/tex/generic/iftex/ifvtex.sty
Package: ifvtex 2019/10/25 v1.7 ifvtex legacy package. Use iftex instead.

(/usr/share/texlive/texmf-dist/tex/generic/iftex/iftex.sty
Package: iftex 2019/11/07 v1.0c TeX engine tests
))
\Gm@cnth=\count182
\Gm@cntv=\count183
\c@Gm@tempcnt=\count184
\Gm@bindingoffset=\dimen141
\Gm@wd@mp=\dimen142
\Gm@odd@mp=\dimen143
\Gm@even@mp=\dimen144
\Gm@layoutwidth=\dimen145
\Gm@layoutheight=\dimen146
\Gm@layouthoffset=\dimen147
\Gm@layoutvoffset=\dimen148
\Gm@dimlist=\toks17
))
(/usr/share/texlive/texmf-dist/tex/latex/graphics/epsfig.sty
Package: epsfig 2017/06/25 v1.7b (e)psfig emulation (SPQR)
\epsfxsize=\dimen149
\epsfysize=\dimen150
)
(/usr/share/texlive/texmf-dist/tex/latex/tools/array.sty
Package: array 2019/08/31 v2.4l Tabular extension package (FMi)
\col@sep=\dimen151
\ar@mcellbox=\box49
\extrarowheight=\dimen152
\NC@list=\toks18
\extratabsurround=\skip53
\backup@length=\skip54
\ar@cellbox=\box50
)
(/usr/share/texlive/texmf-dist/tex/latex/tools/tabularx.sty
Package: tabularx 2020/01/15 v2.11c `tabularx' package (DPC)
\TX@col@width=\dimen153
\TX@old@table=\dimen154
\TX@old@col=\dimen155
\TX@target=\dimen156
\TX@delta=\dimen157
\TX@cols=\count185
\TX@ftn=\toks19
)
(/usr/share/texlive/texmf-dist/tex/latex/jknapltx/mathrsfs.sty
Package: mathrsfs 1996/01/01 Math RSFS package v1.0 (jk)
\symrsfs=\mathgroup4
)
(/usr/share/texlive/texmf-dist/tex/latex/graphics/rotating.sty
Package: rotating 2016/08/11 v2.16d rotated objects in LaTeX

(/usr/share/texlive/texmf-dist/tex/latex/base/ifthen.sty
Package: ifthen 2014/09/29 v1.1c Standard LaTeX ifthen package (DPC)
)
\c@r@tfl@t=\count186
\rotFPtop=\skip55
\rotFPbot=\skip56
\rot@float@box=\box51
\rot@mess@toks=\toks20
)
(/usr/share/texlive/texmf-dist/tex/latex/amsfonts/amsfonts.sty
Package: amsfonts 2013/01/14 v3.01 Basic AMSFonts support
\@emptytoks=\toks21
\symAMSa=\mathgroup5
\symAMSb=\mathgroup6
LaTeX Font Info:    Redeclaring math symbol \hbar on input line 98.
LaTeX Font Info:    Overwriting math alphabet `\mathfrak' in version `bold'
(Font)                  U/euf/m/n --> U/euf/b/n on input line 106.
)
(/usr/share/texlive/texmf-dist/tex/latex/ragged2e/ragged2e.sty
Package: ragged2e 2019/07/28 v2.2 ragged2e Package (MS)

(/usr/share/texlive/texmf-dist/tex/latex/ms/everysel.sty
Package: everysel 2011/10/28 v1.2 EverySelectfont Package (MS)
)
\CenteringLeftskip=\skip57
\RaggedLeftLeftskip=\skip58
\RaggedRightLeftskip=\skip59
\CenteringRightskip=\skip60
\RaggedLeftRightskip=\skip61
\RaggedRightRightskip=\skip62
\CenteringParfillskip=\skip63
\RaggedLeftParfillskip=\skip64
\RaggedRightParfillskip=\skip65
\JustifyingParfillskip=\skip66
\CenteringParindent=\skip67
\RaggedLeftParindent=\skip68
\RaggedRightParindent=\skip69
\JustifyingParindent=\skip70
)
(/usr/share/texlive/texmf-dist/tex/latex/url/url.sty
\Urlmuskip=\muskip16
Package: url 2013/09/16  ver 3.4  Verb mode for urls, etc.
)
(/usr/share/texlive/texmf-dist/tex/latex/hyperref/hyperref.sty
Package: hyperref 2020/01/14 v7.00d Hypertext links for LaTeX

(/usr/share/texlive/texmf-dist/tex/generic/ltxcmds/ltxcmds.sty
Package: ltxcmds 2019/12/15 v1.24 LaTeX kernel commands for general use (HO)
)
(/usr/share/texlive/texmf-dist/tex/latex/pdftexcmds/pdftexcmds.sty
Package: pdftexcmds 2019/11/24 v0.31 Utility functions of pdfTeX for LuaTeX (HO
)

(/usr/share/texlive/texmf-dist/tex/generic/infwarerr/infwarerr.sty
Package: infwarerr 2019/12/03 v1.5 Providing info/warning/error messages (HO)
)
Package pdftexcmds Info: \pdf@primitive is available.
Package pdftexcmds Info: \pdf@ifprimitive is available.
Package pdftexcmds Info: \pdfdraftmode found.
)
(/usr/share/texlive/texmf-dist/tex/generic/kvsetkeys/kvsetkeys.sty
Package: kvsetkeys 2019/12/15 v1.18 Key value parser (HO)
)
(/usr/share/texlive/texmf-dist/tex/generic/kvdefinekeys/kvdefinekeys.sty
Package: kvdefinekeys 2019-12-19 v1.6 Define keys (HO)
)
(/usr/share/texlive/texmf-dist/tex/generic/pdfescape/pdfescape.sty
Package: pdfescape 2019/12/09 v1.15 Implements pdfTeX's escape features (HO)
)
(/usr/share/texlive/texmf-dist/tex/latex/hycolor/hycolor.sty
Package: hycolor 2020-01-27 v1.10 Color options for hyperref/bookmark (HO)
)
(/usr/share/texlive/texmf-dist/tex/latex/letltxmacro/letltxmacro.sty
Package: letltxmacro 2019/12/03 v1.6 Let assignment for LaTeX macros (HO)
)
(/usr/share/texlive/texmf-dist/tex/latex/auxhook/auxhook.sty
Package: auxhook 2019-12-17 v1.6 Hooks for auxiliary files (HO)
)
(/usr/share/texlive/texmf-dist/tex/latex/kvoptions/kvoptions.sty
Package: kvoptions 2019/11/29 v3.13 Key value format for package options (HO)
)
\@linkdim=\dimen158
\Hy@linkcounter=\count187
\Hy@pagecounter=\count188

(/usr/share/texlive/texmf-dist/tex/latex/hyperref/pd1enc.def
File: pd1enc.def 2020/01/14 v7.00d Hyperref: PDFDocEncoding definition (HO)
Now handling font encoding PD1 ...
... no UTF-8 mapping file for font encoding PD1
)
(/usr/share/texlive/texmf-dist/tex/generic/intcalc/intcalc.sty
Package: intcalc 2019/12/15 v1.3 Expandable calculations with integers (HO)
)
(/usr/share/texlive/texmf-dist/tex/generic/etexcmds/etexcmds.sty
Package: etexcmds 2019/12/15 v1.7 Avoid name clashes with e-TeX commands (HO)
)
\Hy@SavedSpaceFactor=\count189
\pdfmajorversion=\count190
Package hyperref Info: Option `final' set `true' on input line 4421.
Package hyperref Info: Hyper figures OFF on input line 4547.
Package hyperref Info: Link nesting OFF on input line 4552.
Package hyperref Info: Hyper index ON on input line 4555.
Package hyperref Info: Plain pages OFF on input line 4562.
Package hyperref Info: Backreferencing OFF on input line 4567.
Package hyperref Info: Implicit mode ON; LaTeX internals redefined.
Package hyperref Info: Bookmarks ON on input line 4800.
\c@Hy@tempcnt=\count191
LaTeX Info: Redefining \url on input line 5159.
\XeTeXLinkMargin=\dimen159

(/usr/share/texlive/texmf-dist/tex/generic/bitset/bitset.sty
Package: bitset 2019/12/09 v1.3 Handle bit-vector datatype (HO)

(/usr/share/texlive/texmf-dist/tex/generic/bigintcalc/bigintcalc.sty
Package: bigintcalc 2019/12/15 v1.5 Expandable calculations on big integers (HO
)
))
\Fld@menulength=\count192
\Field@Width=\dimen160
\Fld@charsize=\dimen161
Package hyperref Info: Hyper figures OFF on input line 6430.
Package hyperref Info: Link nesting OFF on input line 6435.
Package hyperref Info: Hyper index ON on input line 6438.
Package hyperref Info: backreferencing OFF on input line 6445.
Package hyperref Info: Link coloring OFF on input line 6450.
Package hyperref Info: Link coloring with OCG OFF on input line 6455.
Package hyperref Info: PDF/A mode OFF on input line 6460.
LaTeX Info: Redefining \ref on input line 6500.
LaTeX Info: Redefining \pageref on input line 6504.

(/usr/share/texlive/texmf-dist/tex/generic/atbegshi/atbegshi.sty
Package: atbegshi 2019/12/05 v1.19 At begin shipout hook (HO)
)
\Hy@abspage=\count193
\c@Item=\count194
\c@Hfootnote=\count195
)
Package hyperref Info: Driver (autodetected): hpdftex.

(/usr/share/texlive/texmf-dist/tex/latex/hyperref/hpdftex.def
File: hpdftex.def 2020/01/14 v7.00d Hyperref driver for pdfTeX

(/usr/share/texlive/texmf-dist/tex/latex/atveryend/atveryend.sty
Package: atveryend 2019-12-11 v1.11 Hooks at the very end of document (HO)
Package atveryend Info: \enddocument detected (standard20110627).
)
\Fld@listcount=\count196
\c@bookmark@seq@number=\count197

(/usr/share/texlive/texmf-dist/tex/latex/rerunfilecheck/rerunfilecheck.sty
Package: rerunfilecheck 2019/12/05 v1.9 Rerun checks for auxiliary files (HO)

(/usr/share/texlive/texmf-dist/tex/generic/uniquecounter/uniquecounter.sty
Package: uniquecounter 2019/12/15 v1.4 Provide unlimited unique counter (HO)
)
Package uniquecounter Info: New unique counter `rerunfilecheck' on input line 2
86.
)
\Hy@SectionHShift=\skip71
)
(/usr/share/texlive/texmf-dist/tex/latex/listings/listings.sty
\lst@mode=\count198
\lst@gtempboxa=\box52
\lst@token=\toks22
\lst@length=\count199
\lst@currlwidth=\dimen162
\lst@column=\count266
\lst@pos=\count267
\lst@lostspace=\dimen163
\lst@width=\dimen164
\lst@newlines=\count268
\lst@lineno=\count269
\lst@maxwidth=\dimen165

(/usr/share/texlive/texmf-dist/tex/latex/listings/lstmisc.sty
File: lstmisc.sty 2019/09/10 1.8c (Carsten Heinz)
\c@lstnumber=\count270
\lst@skipnumbers=\count271
\lst@framebox=\box53
)
(/usr/share/texlive/texmf-dist/tex/latex/listings/listings.cfg
File: listings.cfg 2019/09/10 1.8c listings configuration
))
Package: listings 2019/09/10 1.8c (Carsten Heinz)

(/usr/share/texlive/texmf-dist/tex/latex/subfigure/subfigure.sty
Package: subfigure 2002/03/15 v2.1.5 subfigure package
\subfigtopskip=\skip72
\subfigcapskip=\skip73
\subfigcaptopadj=\dimen166
\subfigbottomskip=\skip74
\subfigcapmargin=\dimen167
\subfiglabelskip=\skip75
\c@subfigure=\count272
\c@lofdepth=\count273
\c@subtable=\count274
\c@lotdepth=\count275

****************************************
* Local config file subfigure.cfg used *
****************************************
(/usr/share/texlive/texmf-dist/tex/latex/subfigure/subfigure.cfg)
\subfig@top=\skip76
\subfig@bottom=\skip77
)
(/usr/share/texlive/texmf-dist/tex/latex/epstopdf-pkg/epstopdf.sty
Package: epstopdf 2020-01-24 v2.11 Conversion with epstopdf on the fly (HO)

(/usr/share/texlive/texmf-dist/tex/latex/grfext/grfext.sty
Package: grfext 2019/12/03 v1.3 Manage graphics extensions (HO)
)
(/usr/share/texlive/texmf-dist/tex/latex/epstopdf-pkg/epstopdf-base.sty
Package: epstopdf-base 2020-01-24 v2.11 Base part for package epstopdf
Package epstopdf-base Info: Redefining graphics rule for `.eps' on input line 4
85.
Package grfext Info: Graphics extension search list:
(grfext)             [.pdf,.png,.jpg,.mps,.jpeg,.jbig2,.jb2,.PDF,.PNG,.JPG,.JPE
G,.JBIG2,.JB2,.eps]
(grfext)             \AppendGraphicsExtensions on input line 504.

(/usr/share/texlive/texmf-dist/tex/latex/latexconfig/epstopdf-sys.cfg
File: epstopdf-sys.cfg 2010/07/13 v1.3 Configuration of (r)epstopdf for TeX Liv
e
)))
(/usr/share/texlive/texmf-dist/tex/latex/graphics/color.sty
Package: color 2019/11/23 v1.2a Standard LaTeX Color (DPC)

(/usr/share/texlive/texmf-dist/tex/latex/graphics-cfg/color.cfg
File: color.cfg 2016/01/02 v1.6 sample color configuration
)
Package color Info: Driver file: pdftex.def on input line 147.
)
(/usr/share/texlive/texmf-dist/tex/latex/float/float.sty
Package: float 2001/11/08 v1.3d Float enhancements (AL)
\c@float@type=\count276
\float@exts=\toks23
\float@box=\box54
\@float@everytoks=\toks24
\@floatcapt=\box55
)
(/usr/share/texlive/texmf-dist/tex/latex/tools/verbatim.sty
Package: verbatim 2019/11/10 v1.5r LaTeX2e package for verbatim enhancements
\every@verbatim=\toks25
\verbatim@line=\toks26
\verbatim@in@stream=\read2
)
(/usr/share/texlive/texmf-dist/tex/latex/soul/soul.sty
Package: soul 2003/11/17 v2.4 letterspacing/underlining (mf)
\SOUL@word=\toks27
\SOUL@lasttoken=\toks28
\SOUL@cmds=\toks29
\SOUL@buffer=\toks30
\SOUL@token=\toks31
\SOUL@spaceskip=\skip78
\SOUL@ttwidth=\dimen168
\SOUL@uldp=\dimen169
\SOUL@ulht=\dimen170
)
(/usr/share/texlive/texmf-dist/tex/generic/ulem/ulem.sty
\UL@box=\box56
\UL@hyphenbox=\box57
\UL@skip=\skip79
\UL@hook=\toks32
\UL@height=\dimen171
\UL@pe=\count277
\UL@pixel=\dimen172
\ULC@box=\box58
Package: ulem 2019/11/18
\ULdepth=\dimen173
)
(/usr/share/texlive/texmf-dist/tex/latex/amsmath/amsmath.sty
Package: amsmath 2020/01/20 v2.17e AMS math features
\@mathmargin=\skip80

For additional information on amsmath, use the `?' option.
(/usr/share/texlive/texmf-dist/tex/latex/amsmath/amstext.sty
Package: amstext 2000/06/29 v2.01 AMS text

(/usr/share/texlive/texmf-dist/tex/latex/amsmath/amsgen.sty
File: amsgen.sty 1999/11/30 v2.0 generic functions
\@emptytoks=\toks33
\ex@=\dimen174
))
(/usr/share/texlive/texmf-dist/tex/latex/amsmath/amsbsy.sty
Package: amsbsy 1999/11/29 v1.2d Bold Symbols
\pmbraise@=\dimen175
)
(/usr/share/texlive/texmf-dist/tex/latex/amsmath/amsopn.sty
Package: amsopn 2016/03/08 v2.02 operator names
)
\inf@bad=\count278
LaTeX Info: Redefining \frac on input line 227.
\uproot@=\count279
\leftroot@=\count280
LaTeX Info: Redefining \overline on input line 389.
\classnum@=\count281
\DOTSCASE@=\count282
LaTeX Info: Redefining \ldots on input line 486.
LaTeX Info: Redefining \dots on input line 489.
LaTeX Info: Redefining \cdots on input line 610.
\Mathstrutbox@=\box59
\strutbox@=\box60
\big@size=\dimen176
LaTeX Font Info:    Redeclaring font encoding OML on input line 733.
LaTeX Font Info:    Redeclaring font encoding OMS on input line 734.
\macc@depth=\count283
\c@MaxMatrixCols=\count284
\dotsspace@=\muskip17
\c@parentequation=\count285
\dspbrk@lvl=\count286
\tag@help=\toks34
\row@=\count287
\column@=\count288
\maxfields@=\count289
\andhelp@=\toks35
\eqnshift@=\dimen177
\alignsep@=\dimen178
\tagshift@=\dimen179
\tagwidth@=\dimen180
\totwidth@=\dimen181
\lineht@=\dimen182
\@envbody=\toks36
\multlinegap=\skip81
\multlinetaggap=\skip82
\mathdisplay@stack=\toks37
LaTeX Info: Redefining \[ on input line 2859.
LaTeX Info: Redefining \] on input line 2860.
)
(/usr/share/texlive/texmf-dist/tex/latex/amsfonts/amssymb.sty
Package: amssymb 2013/01/14 v3.01 AMS font symbols
)
LaTeX Info: Redefining \lesssim on input line 74.
LaTeX Info: Redefining \gtrsim on input line 77.
Package hyperref Info: Option `colorlinks' set `true' on input line 94.

(/usr/share/texlive/texmf-dist/tex/latex/l3backend/l3backend-pdfmode.def
File: l3backend-pdfmode.def 2020-02-03 L3 backend support: PDF mode
\l__kernel_color_stack_int=\count290
\l__pdf_internal_box=\box61
)
(./fcc_timing.aux)
\openout1 = `fcc_timing.aux'.

LaTeX Font Info:    Checking defaults for OML/cmm/m/it on input line 136.
LaTeX Font Info:    ... okay on input line 136.
LaTeX Font Info:    Checking defaults for OMS/cmsy/m/n on input line 136.
LaTeX Font Info:    ... okay on input line 136.
LaTeX Font Info:    Checking defaults for OT1/cmr/m/n on input line 136.
LaTeX Font Info:    ... okay on input line 136.
LaTeX Font Info:    Checking defaults for T1/cmr/m/n on input line 136.
LaTeX Font Info:    ... okay on input line 136.
LaTeX Font Info:    Checking defaults for TS1/cmr/m/n on input line 136.
LaTeX Font Info:    ... okay on input line 136.
LaTeX Font Info:    Checking defaults for OMX/cmex/m/n on input line 136.
LaTeX Font Info:    ... okay on input line 136.
LaTeX Font Info:    Checking defaults for U/cmr/m/n on input line 136.
LaTeX Font Info:    ... okay on input line 136.
LaTeX Font Info:    Checking defaults for PD1/pdf/m/n on input line 136.
LaTeX Font Info:    ... okay on input line 136.

(/usr/share/texlive/texmf-dist/tex/context/base/mkii/supp-pdf.mkii
[Loading MPS to PDF converter (version 2006.09.02).]
\scratchcounter=\count291
\scratchdimen=\dimen183
\scratchbox=\box62
\nofMPsegments=\count292
\nofMParguments=\count293
\everyMPshowfont=\toks38
\MPscratchCnt=\count294
\MPscratchDim=\dimen184
\MPnumerator=\count295
\makeMPintoPDFobject=\count296
\everyMPtoPDFconversion=\toks39
)
*geometry* driver: auto-detecting
*geometry* detected driver: pdftex
*geometry* verbose mode - [ preamble ] result:
* driver: pdftex
* paper: custom
* layout: <same size as paper>
* layoutoffset:(h,v)=(0.0pt,0.0pt)
* hratio: 1:1
* vratio: 1:1
* modes: 
* h-part:(L,W,R)=(106.75394pt, 384.0pt, 106.75394pt)
* v-part:(T,H,B)=(141.52342pt, 562.0pt, 141.52342pt)
* \paperwidth=597.50787pt
* \paperheight=845.04684pt
* \textwidth=412.56496pt
* \textheight=625.96062pt
* \oddsidemargin=34.48395pt
* \evensidemargin=34.48395pt
* \topmargin=7.25343pt
* \headheight=50.0pt
* \headsep=12.0pt
* \topskip=11.0pt
* \footskip=12.0pt
* \marginparwidth=59.0pt
* \marginparsep=10.0pt
* \columnsep=10.0pt
* \skip\footins=24.0pt plus 2.0pt minus 12.0pt
* \hoffset=0.0pt
* \voffset=0.0pt
* \mag=1000
* \@twocolumnfalse
* \@twosidefalse
* \@mparswitchfalse
* \@reversemarginfalse
* (1in=72.27pt=25.4mm, 1cm=28.453pt)

ABD: EverySelectfont initializing macros
LaTeX Info: Redefining \selectfont on input line 136.
\AtBeginShipoutBox=\box63
Package hyperref Info: Link coloring ON on input line 136.

(/usr/share/texlive/texmf-dist/tex/latex/hyperref/nameref.sty
Package: nameref 2019/09/16 v2.46 Cross-referencing by name of section

(/usr/share/texlive/texmf-dist/tex/latex/refcount/refcount.sty
Package: refcount 2019/12/15 v3.6 Data extraction from label references (HO)
)
(/usr/share/texlive/texmf-dist/tex/generic/gettitlestring/gettitlestring.sty
Package: gettitlestring 2019/12/15 v1.6 Cleanup title references (HO)
)
\c@section@level=\count297
)
LaTeX Info: Redefining \ref on input line 136.
LaTeX Info: Redefining \pageref on input line 136.
LaTeX Info: Redefining \nameref on input line 136.

(./fcc_timing.out) (./fcc_timing.out)
\@outlinefile=\write4
\openout4 = `fcc_timing.out'.

\c@lstlisting=\count298

(/usr/share/texlive/texmf-dist/tex/latex/listings/lstlang1.sty
File: lstlang1.sty 2019/09/10 1.8c listings language file
)
LaTeX Font Info:    Trying to load font information for U+rsfs on input line 21
7.

(/usr/share/texlive/texmf-dist/tex/latex/jknapltx/ursfs.fd
File: ursfs.fd 1998/03/24 rsfs font definition file (jk)
)
LaTeX Font Info:    Trying to load font information for U+msa on input line 217
.

(/usr/share/texlive/texmf-dist/tex/latex/amsfonts/umsa.fd
File: umsa.fd 2013/01/14 v3.01 AMS symbols A
)
LaTeX Font Info:    Trying to load font information for U+msb on input line 217
.

(/usr/share/texlive/texmf-dist/tex/latex/amsfonts/umsb.fd
File: umsb.fd 2013/01/14 v3.01 AMS symbols B
) [1

{/var/lib/texmf/fonts/map/pdftex/updmap/pdftex.map}]
<timing_layer.pdf, id=66, 794.97pt x 614.295pt>
File: timing_layer.pdf Graphic file (type pdf)
<use timing_layer.pdf>
Package pdftex.def Info: timing_layer.pdf  used on input line 294.
(pdftex.def)             Requested size: 330.05322pt x 255.04951pt.
 [2] [3pdfTeX warning (ext4): destination with the same identifier (name{figure
.1}) has been already used, duplicate ignored

\AtBegShi@Output ...ipout \box \AtBeginShipoutBox 
                                                  \fi \fi 
l.334 
       <./timing_layer.pdf>] [4]

pdfTeX warning: pdflatex (file ./timeECAL_2layers_1gev1.pdf): PDF inclusion: fo
und PDF version <1.7>, but at most version <1.5> allowed
<timeECAL_2layers_1gev1.pdf, id=116, 569.12625pt x 546.04pt>
File: timeECAL_2layers_1gev1.pdf Graphic file (type pdf)
<use timeECAL_2layers_1gev1.pdf>
Package pdftex.def Info: timeECAL_2layers_1gev1.pdf  used on input line 396.
(pdftex.def)             Requested size: 185.65297pt x 178.11911pt.


pdfTeX warning: pdflatex (file ./timeECAL_2layers_10gev1.pdf): PDF inclusion: f
ound PDF version <1.7>, but at most version <1.5> allowed
<timeECAL_2layers_10gev1.pdf, id=117, 569.12625pt x 546.04pt>
File: timeECAL_2layers_10gev1.pdf Graphic file (type pdf)
<use timeECAL_2layers_10gev1.pdf>
Package pdftex.def Info: timeECAL_2layers_10gev1.pdf  used on input line 399.
(pdftex.def)             Requested size: 185.65297pt x 178.11911pt.
[5pdfTeX warning (ext4): destination with the same identifier (name{figure.2}) 
has been already used, duplicate ignored

\AtBegShi@Output ...ipout \box \AtBeginShipoutBox 
                                                  \fi \fi 
l.407 \clearpage
                 <./timeECAL_2layers_1gev1.pdf> <./timeECAL_2layers_10gev1.pdf>
] (./Timing_layers_for_single_particles.tex

pdfTeX warning: pdflatex (file ./time_flight_length_neutron.pdf): PDF inclusion
: found PDF version <1.7>, but at most version <1.5> allowed
<time_flight_length_neutron.pdf, id=141, 569.12625pt x 542.025pt>
File: time_flight_length_neutron.pdf Graphic file (type pdf)
<use time_flight_length_neutron.pdf>
Package pdftex.def Info: time_flight_length_neutron.pdf  used on input line 37.

(pdftex.def)             Requested size: 185.65297pt x 176.8094pt.


pdfTeX warning: pdflatex (file ./time_flight_length_kion.pdf): PDF inclusion: f
ound PDF version <1.7>, but at most version <1.5> allowed
<time_flight_length_kion.pdf, id=142, 569.12625pt x 542.025pt>
File: time_flight_length_kion.pdf Graphic file (type pdf)
<use time_flight_length_kion.pdf>
Package pdftex.def Info: time_flight_length_kion.pdf  used on input line 40.
(pdftex.def)             Requested size: 185.65297pt x 176.8094pt.


pdfTeX warning: pdflatex (file ./time_flight_200.pdf): PDF inclusion: found PDF
 version <1.7>, but at most version <1.5> allowed
<time_flight_200.pdf, id=143, 569.12625pt x 542.025pt>
File: time_flight_200.pdf Graphic file (type pdf)
<use time_flight_200.pdf>
Package pdftex.def Info: time_flight_200.pdf  used on input line 54.
(pdftex.def)             Requested size: 185.65297pt x 176.8094pt.


pdfTeX warning: pdflatex (file ./time_flight_20.pdf): PDF inclusion: found PDF 
version <1.7>, but at most version <1.5> allowed
<time_flight_20.pdf, id=144, 569.12625pt x 542.025pt>
File: time_flight_20.pdf Graphic file (type pdf)
<use time_flight_20.pdf>
Package pdftex.def Info: time_flight_20.pdf  used on input line 57.
(pdftex.def)             Requested size: 185.65297pt x 176.8094pt.
) [6

] [7pdfTeX warning (ext4): destination with the same identifier (name{figure.3}
) has been already used, duplicate ignored

\AtBegShi@Output ...ipout \box \AtBeginShipoutBox 
                                                  \fi \fi 
l.412 
      pdfTeX warning (ext4): destination with the same identifier (name{figure.
4}) has been already used, duplicate ignored

\AtBegShi@Output ...ipout \box \AtBeginShipoutBox 
                                                  \fi \fi 
l.412 
       <./time_flight_length_neutron.pdf> <./time_flight_length_kion.pdf> <./ti
me_flight_200.pdf> <./time_flight_20.pdf>] (./Timing_layers_for_darkpions.tex
[8]

pdfTeX warning: pdflatex (file ./effic10a_med.pdf): PDF inclusion: found PDF ve
rsion <1.7>, but at most version <1.5> allowed
<effic10a_med.pdf, id=225, 451.6875pt x 451.6875pt>
File: effic10a_med.pdf Graphic file (type pdf)
<use effic10a_med.pdf>
Package pdftex.def Info: effic10a_med.pdf  used on input line 89.
(pdftex.def)             Requested size: 160.90007pt x 160.905pt.


pdfTeX warning: pdflatex (file ./effic20a_med.pdf): PDF inclusion: found PDF ve
rsion <1.7>, but at most version <1.5> allowed
<effic20a_med.pdf, id=226, 451.6875pt x 451.6875pt>
File: effic20a_med.pdf Graphic file (type pdf)
<use effic20a_med.pdf>
Package pdftex.def Info: effic20a_med.pdf  used on input line 92.
(pdftex.def)             Requested size: 160.90007pt x 160.905pt.


pdfTeX warning: pdflatex (file ./effic30a_med.pdf): PDF inclusion: found PDF ve
rsion <1.7>, but at most version <1.5> allowed
<effic30a_med.pdf, id=227, 451.6875pt x 451.6875pt>
File: effic30a_med.pdf Graphic file (type pdf)
<use effic30a_med.pdf>
Package pdftex.def Info: effic30a_med.pdf  used on input line 96.
(pdftex.def)             Requested size: 160.90007pt x 160.905pt.


pdfTeX warning: pdflatex (file ./effic100a_med.pdf): PDF inclusion: found PDF v
ersion <1.7>, but at most version <1.5> allowed
<effic100a_med.pdf, id=228, 451.6875pt x 451.6875pt>
File: effic100a_med.pdf Graphic file (type pdf)
<use effic100a_med.pdf>
Package pdftex.def Info: effic100a_med.pdf  used on input line 99.
(pdftex.def)             Requested size: 160.90007pt x 160.905pt.


pdfTeX warning: pdflatex (file ./effic500a_med.pdf): PDF inclusion: found PDF v
ersion <1.7>, but at most version <1.5> allowed
<effic500a_med.pdf, id=229, 451.6875pt x 451.6875pt>
File: effic500a_med.pdf Graphic file (type pdf)
<use effic500a_med.pdf>
Package pdftex.def Info: effic500a_med.pdf  used on input line 103.
(pdftex.def)             Requested size: 160.90007pt x 160.905pt.


pdfTeX warning: pdflatex (file ./effic1000a_med.pdf): PDF inclusion: found PDF 
version <1.7>, but at most version <1.5> allowed
<effic1000a_med.pdf, id=230, 451.6875pt x 451.6875pt>
File: effic1000a_med.pdf Graphic file (type pdf)
<use effic1000a_med.pdf>
Package pdftex.def Info: effic1000a_med.pdf  used on input line 106.
(pdftex.def)             Requested size: 160.90007pt x 160.905pt.

LaTeX Warning: Float too large for page by 0.8044pt on input line 118.



pdfTeX warning: pdflatex (file ./effic10a.pdf): PDF inclusion: found PDF versio
n <1.7>, but at most version <1.5> allowed
<effic10a.pdf, id=231, 451.6875pt x 451.6875pt>
File: effic10a.pdf Graphic file (type pdf)
<use effic10a.pdf>
Package pdftex.def Info: effic10a.pdf  used on input line 124.
(pdftex.def)             Requested size: 160.90007pt x 160.905pt.


pdfTeX warning: pdflatex (file ./effic20a.pdf): PDF inclusion: found PDF versio
n <1.7>, but at most version <1.5> allowed
<effic20a.pdf, id=232, 451.6875pt x 451.6875pt>
File: effic20a.pdf Graphic file (type pdf)
<use effic20a.pdf>
Package pdftex.def Info: effic20a.pdf  used on input line 127.
(pdftex.def)             Requested size: 160.90007pt x 160.905pt.


pdfTeX warning: pdflatex (file ./effic30a.pdf): PDF inclusion: found PDF versio
n <1.7>, but at most version <1.5> allowed
<effic30a.pdf, id=233, 451.6875pt x 451.6875pt>
File: effic30a.pdf Graphic file (type pdf)
<use effic30a.pdf>
Package pdftex.def Info: effic30a.pdf  used on input line 131.
(pdftex.def)             Requested size: 160.90007pt x 160.905pt.


pdfTeX warning: pdflatex (file ./effic100a.pdf): PDF inclusion: found PDF versi
on <1.7>, but at most version <1.5> allowed
<effic100a.pdf, id=234, 451.6875pt x 451.6875pt>
File: effic100a.pdf Graphic file (type pdf)
<use effic100a.pdf>
Package pdftex.def Info: effic100a.pdf  used on input line 134.
(pdftex.def)             Requested size: 160.90007pt x 160.905pt.


pdfTeX warning: pdflatex (file ./effic500a.pdf): PDF inclusion: found PDF versi
on <1.7>, but at most version <1.5> allowed
<effic500a.pdf, id=235, 451.6875pt x 451.6875pt>
File: effic500a.pdf Graphic file (type pdf)
<use effic500a.pdf>
Package pdftex.def Info: effic500a.pdf  used on input line 138.
(pdftex.def)             Requested size: 160.90007pt x 160.905pt.


pdfTeX warning: pdflatex (file ./effic1000a.pdf): PDF inclusion: found PDF vers
ion <1.7>, but at most version <1.5> allowed
<effic1000a.pdf, id=236, 451.6875pt x 451.6875pt>
File: effic1000a.pdf Graphic file (type pdf)
<use effic1000a.pdf>
Package pdftex.def Info: effic1000a.pdf  used on input line 141.
(pdftex.def)             Requested size: 160.90007pt x 160.905pt.

LaTeX Warning: Float too large for page by 0.8044pt on input line 153.

) [9] [10pdfTeX warning (ext4): destination with the same identifier (name{figu
re.5}) has been already used, duplicate ignored

\AtBegShi@Output ...ipout \box \AtBeginShipoutBox 
                                                  \fi \fi 
l.431 
       <./effic10a_med.pdf> <./effic20a_med.pdf> <./effic30a_med.pdf> <./effic1
00a_med.pdf> <./effic500a_med.pdf> <./effic1000a_med.pdf>] [11pdfTeX warning (e
xt4): destination with the same identifier (name{figure.6}) has been already us
ed, duplicate ignored

\AtBegShi@Output ...ipout \box \AtBeginShipoutBox 
                                                  \fi \fi 
l.431 
       <./effic10a.pdf> <./effic20a.pdf> <./effic30a.pdf> <./effic100a.pdf> <./
effic500a.pdf> <./effic1000a.pdf>] (./fcc_timing.bbl [12]) [13] (./appendix.tex

Package hyperref Warning: Token not allowed in a PDF string (PDFDocEncoding):
(hyperref)                removing `math shift' on input line 1.


Package hyperref Warning: Token not allowed in a PDF string (PDFDocEncoding):
(hyperref)                removing `\beta' on input line 1.


Package hyperref Warning: Token not allowed in a PDF string (PDFDocEncoding):
(hyperref)                removing `math shift' on input line 1.



pdfTeX warning: pdflatex (file ./effic20a_beta.pdf): PDF inclusion: found PDF v
ersion <1.7>, but at most version <1.5> allowed
<effic20a_beta.pdf, id=334, 451.6875pt x 451.6875pt>
File: effic20a_beta.pdf Graphic file (type pdf)
<use effic20a_beta.pdf>
Package pdftex.def Info: effic20a_beta.pdf  used on input line 13.
(pdftex.def)             Requested size: 169.15314pt x 169.15494pt.


pdfTeX warning: pdflatex (file ./effic1000a_beta.pdf): PDF inclusion: found PDF
 version <1.7>, but at most version <1.5> allowed
<effic1000a_beta.pdf, id=335, 451.6875pt x 451.6875pt>
File: effic1000a_beta.pdf Graphic file (type pdf)
<use effic1000a_beta.pdf>
Package pdftex.def Info: effic1000a_beta.pdf  used on input line 16.
(pdftex.def)             Requested size: 169.15314pt x 169.15494pt.
)
Package atveryend Info: Empty hook `BeforeClearDocument' on input line 470.
 [14pdfTeX warning (ext4): destination with the same identifier (name{figure.7}
) has been already used, duplicate ignored

\AtBegShi@Output ...ipout \box \AtBeginShipoutBox 
                                                  \fi \fi 
l.470 \end{document}
                    

 <./effic20a_beta.pdf> <./effic1000a_beta.pdf>]
Package atveryend Info: Empty hook `AfterLastShipout' on input line 470.

(./fcc_timing.aux)
Package atveryend Info: Executing hook `AtVeryEndDocument' on input line 470.
Package atveryend Info: Executing hook `AtEndAfterFileList' on input line 470.
Package rerunfilecheck Info: File `fcc_timing.out' has not changed.
(rerunfilecheck)             Checksum: E29DF7C1B485B1EEF494E17420750E4A;317.
Package atveryend Info: Empty hook `AtVeryVeryEnd' on input line 470.
 ) 
Here is how much of TeX's memory you used:
 9920 strings out of 483183
 143900 string characters out of 5966292
 600069 words of memory out of 5000000
 24603 multiletter control sequences out of 15000+600000
 546928 words of font info for 79 fonts, out of 8000000 for 9000
 14 hyphenation exceptions out of 8191
 38i,8n,40p,583b,487s stack positions out of 5000i,500n,10000p,200000b,80000s
 </home/sergei/.texlive2019/texmf-var/fonts/pk/ljfour/jknappen/ec/tcrm1095.60
0pk></usr/share/texlive/texmf-dist/fonts/type1/public/amsfonts/cm/cmbx10.pfb></
usr/share/texlive/texmf-dist/fonts/type1/public/amsfonts/cm/cmcsc10.pfb></usr/s
hare/texlive/texmf-dist/fonts/type1/public/amsfonts/cm/cmex10.pfb></usr/share/t
exlive/texmf-dist/fonts/type1/public/amsfonts/cm/cmmi10.pfb></usr/share/texlive
/texmf-dist/fonts/type1/public/amsfonts/cm/cmmi6.pfb></usr/share/texlive/texmf-
dist/fonts/type1/public/amsfonts/cm/cmmi8.pfb></usr/share/texlive/texmf-dist/fo
nts/type1/public/amsfonts/cm/cmmi9.pfb></usr/share/texlive/texmf-dist/fonts/typ
e1/public/amsfonts/cm/cmmib10.pfb></usr/share/texlive/texmf-dist/fonts/type1/pu
blic/amsfonts/cm/cmr10.pfb></usr/share/texlive/texmf-dist/fonts/type1/public/am
sfonts/cm/cmr12.pfb></usr/share/texlive/texmf-dist/fonts/type1/public/amsfonts/
cm/cmr6.pfb></usr/share/texlive/texmf-dist/fonts/type1/public/amsfonts/cm/cmr8.
pfb></usr/share/texlive/texmf-dist/fonts/type1/public/amsfonts/cm/cmr9.pfb></us
r/share/texlive/texmf-dist/fonts/type1/public/amsfonts/cm/cmsy10.pfb></usr/shar
e/texlive/texmf-dist/fonts/type1/public/amsfonts/cm/cmsy8.pfb></usr/share/texli
ve/texmf-dist/fonts/type1/public/amsfonts/cm/cmsy9.pfb></usr/share/texlive/texm
f-dist/fonts/type1/public/amsfonts/cm/cmti10.pfb></usr/share/texlive/texmf-dist
/fonts/type1/public/amsfonts/cm/cmti7.pfb></usr/share/texlive/texmf-dist/fonts/
type1/public/amsfonts/cm/cmti9.pfb></usr/share/texlive/texmf-dist/fonts/type1/p
ublic/amsfonts/cm/cmtt9.pfb>
Output written on fcc_timing.pdf (14 pages, 1091992 bytes).
PDF statistics:
 435 PDF objects out of 1000 (max. 8388607)
 361 compressed objects within 4 object streams
 74 named destinations out of 1000 (max. 500000)
 154 words of extra memory for PDF output out of 10000 (max. 10000000)

